SF:lib/models/movie.dart
DA:9,5
DA:18,1
DA:19,1
DA:20,1
DA:21,1
DA:22,1
DA:23,1
DA:24,1
DA:25,2
LF:9
LH:9
end_of_record
SF:lib/providers/movie_provider.dart
DA:22,1
DA:24,2
DA:26,1
DA:27,1
DA:29,3
DA:31,2
DA:32,0
DA:33,0
DA:34,0
DA:35,0
DA:37,0
DA:39,0
DA:42,0
DA:43,0
DA:47,0
DA:48,0
DA:49,0
DA:53,0
DA:54,0
DA:55,0
DA:59,0
DA:61,0
DA:62,0
DA:63,0
DA:64,0
DA:68,1
DA:69,3
DA:70,1
DA:71,1
DA:74,0
DA:76,0
DA:78,0
DA:90,1
DA:92,1
DA:95,0
DA:96,0
DA:99,0
DA:100,0
DA:101,0
DA:102,0
DA:103,0
DA:106,0
DA:108,0
DA:109,0
DA:110,0
DA:115,0
DA:117,0
DA:118,0
DA:120,0
DA:125,2
DA:127,2
DA:130,5
DA:131,1
DA:134,3
DA:135,2
DA:136,1
DA:137,1
DA:138,1
DA:139,1
DA:140,1
DA:141,1
DA:143,1
DA:144,1
DA:147,3
DA:148,3
DA:150,2
DA:153,2
DA:155,4
DA:157,0
DA:161,0
DA:162,0
DA:164,0
DA:172,0
DA:173,0
DA:174,0
DA:176,0
DA:177,0
DA:180,1
DA:181,2
DA:182,5
DA:183,2
DA:184,1
DA:185,1
DA:189,2
DA:190,6
DA:191,8
DA:192,4
DA:193,8
DA:195,2
DA:196,2
DA:200,1
DA:201,2
DA:202,1
DA:203,1
DA:207,2
DA:208,2
DA:210,7
DA:213,4
DA:214,4
DA:215,4
DA:216,1
DA:222,1
DA:223,2
DA:224,2
DA:225,2
DA:226,1
DA:227,1
DA:228,1
LF:108
LH:62
end_of_record
SF:lib/services/api_service.dart
DA:9,1
DA:10,1
DA:11,1
DA:14,2
DA:16,1
DA:18,1
DA:24,0
DA:26,0
DA:27,0
DA:28,0
DA:30,0
DA:31,0
DA:32,0
DA:35,0
DA:36,0
DA:38,0
DA:40,0
DA:42,0
DA:45,0
DA:46,0
DA:50,0
DA:51,0
DA:52,0
DA:53,0
DA:55,0
DA:60,0
DA:61,0
DA:62,0
DA:63,0
DA:64,0
DA:66,0
DA:67,0
DA:78,0
LF:33
LH:6
end_of_record
SF:lib/screens/home_screen.dart
DA:10,1
DA:12,1
DA:13,1
DA:17,1
DA:19,1
DA:20,3
DA:21,2
DA:22,1
DA:23,0
DA:27,1
DA:29,1
DA:31,1
DA:32,1
DA:33,1
DA:36,1
DA:37,3
DA:38,2
DA:39,1
DA:40,2
DA:45,1
DA:46,1
DA:48,1
DA:50,1
DA:52,0
DA:53,0
DA:55,0
DA:61,1
DA:62,1
DA:64,1
DA:65,3
DA:76,2
DA:87,1
DA:88,1
DA:89,1
DA:91,2
DA:92,1
DA:93,2
DA:95,5
DA:96,1
DA:99,0
DA:100,0
DA:103,0
DA:107,0
DA:108,0
DA:110,0
DA:112,0
DA:113,0
DA:117,0
DA:126,1
DA:127,0
DA:128,0
DA:148,2
DA:149,1
DA:150,1
DA:151,1
DA:152,1
DA:153,1
DA:154,1
DA:155,1
LF:59
LH:44
end_of_record
SF:lib/screens/favorites_screen.dart
DA:8,4
DA:10,1
DA:12,1
DA:13,1
DA:15,1
DA:16,1
DA:17,3
DA:18,1
DA:19,1
DA:20,1
DA:21,0
DA:22,1
DA:23,1
DA:27,1
DA:33,1
DA:56,1
DA:58,1
DA:59,1
DA:60,1
DA:61,1
DA:62,1
DA:63,0
DA:64,0
DA:67,0
DA:71,0
DA:72,0
DA:74,0
DA:76,0
DA:77,0
DA:81,0
LF:30
LH:20
end_of_record
SF:lib/widgets/movie_card.dart
DA:11,3
DA:16,3
DA:18,3
DA:20,3
DA:23,6
DA:24,3
DA:25,3
DA:26,3
DA:27,3
DA:29,3
DA:31,3
DA:33,3
DA:34,6
DA:36,3
DA:37,9
DA:38,3
DA:39,3
DA:40,9
DA:44,3
DA:45,3
DA:47,3
DA:48,6
DA:49,12
DA:51,6
DA:52,6
DA:63,3
DA:66,3
DA:67,3
DA:68,3
DA:70,3
DA:71,3
DA:72,12
DA:73,3
DA:74,9
DA:76,3
DA:82,2
DA:101,3
DA:102,3
DA:104,3
DA:105,3
DA:106,6
DA:107,12
DA:117,3
DA:118,3
DA:125,3
DA:126,9
DA:127,12
DA:132,3
DA:137,3
DA:138,9
DA:139,3
DA:141,3
DA:142,9
DA:156,12
DA:157,3
DA:158,3
DA:165,3
DA:166,9
DA:167,12
DA:168,3
DA:179,3
DA:181,3
DA:183,3
DA:184,3
DA:185,12
DA:186,3
DA:187,0
DA:189,0
DA:190,0
DA:191,0
DA:192,0
DA:197,0
DA:198,0
DA:199,0
DA:200,0
DA:206,3
DA:229,3
DA:230,3
DA:231,1
DA:235,3
DA:236,3
DA:237,1
DA:241,3
DA:243,3
DA:244,6
DA:250,3
DA:251,6
DA:252,3
DA:253,0
DA:254,0
DA:258,3
DA:259,6
DA:260,3
DA:261,0
DA:262,0
LF:95
LH:82
end_of_record
SF:lib/screens/movie_detail_screen.dart
DA:9,0
DA:11,0
DA:13,0
DA:14,0
DA:15,0
DA:16,0
DA:17,0
DA:18,0
DA:19,0
DA:20,0
DA:21,0
DA:23,0
DA:24,0
DA:25,0
DA:26,0
DA:31,0
DA:32,0
DA:33,0
DA:34,0
DA:40,0
DA:49,0
DA:51,0
DA:53,0
DA:54,0
DA:55,0
DA:56,0
DA:57,0
DA:61,0
DA:62,0
DA:63,0
DA:66,0
DA:67,0
DA:68,0
DA:71,0
DA:72,0
LF:35
LH:0
end_of_record
SF:lib/widgets/pagination_widget.dart
DA:11,1
DA:19,1
DA:21,1
DA:23,1
DA:25,1
DA:26,2
DA:27,1
DA:28,1
DA:29,1
DA:35,1
DA:37,1
DA:39,1
DA:40,3
DA:43,1
DA:44,2
DA:46,1
DA:52,1
DA:53,1
DA:55,1
DA:57,1
DA:58,1
DA:59,3
DA:60,4
DA:64,2
DA:65,0
DA:67,0
DA:68,0
DA:72,1
DA:73,3
DA:80,1
DA:81,5
DA:84,1
DA:85,2
DA:87,1
DA:96,1
DA:97,1
DA:100,4
DA:101,4
DA:104,2
DA:105,1
DA:106,3
DA:107,0
DA:108,0
DA:113,1
DA:114,0
DA:115,0
DA:116,0
DA:121,2
DA:122,2
DA:126,2
DA:127,3
DA:128,1
DA:130,3
DA:133,1
DA:139,1
DA:140,2
DA:142,1
DA:143,1
DA:144,1
DA:147,1
DA:149,2
DA:151,1
DA:153,2
DA:154,1
DA:156,1
DA:158,1
DA:159,1
DA:160,1
DA:161,1
LF:69
LH:61
end_of_record
